<?xml version="1.0" encoding="UTF-8"?>
<!-- Generated by org.testng.reporters.JUnitReportReporter -->
<testsuite hostname="Rohit" failures="0" tests="1" name="sample_package.SampleTest" time="3.855" errors="0" timestamp="2024-10-21T13:00:45 IST" skipped="0">
  <testcase classname="sample_package.SampleTest" name="sampleTest01" time="3.855"/>
  <system-out/>
</testsuite> <!-- sample_package.SampleTest -->
